<?xml version="1.0" encoding="UTF-8" ?>
<testsuite tests="5" failures="2" name="TestSuite" time="80.757" errors="0" skipped="0">
  <properties>
    <property name="java.vendor" value="Oracle Corporation"/>
    <property name="JOB_NAME" value="AutomationFramework"/>
    <property name="sun.java.launcher" value="SUN_STANDARD"/>
    <property name="windows_tracing_logfile" value="C:\BVTBin\Tests\installpackage\csilogfile.log"/>
    <property name="NUMBER_OF_PROCESSORS" value="2"/>
    <property name="sun.management.compiler" value="HotSpot Client Compiler"/>
    <property name="JENKINS_HOME" value="C:\Users\VBulbule\.jenkins"/>
    <property name="HUDSON_SERVER_COOKIE" value="a2ae3bbe3b9c3c34"/>
    <property name="os.name" value="Windows 7"/>
    <property name="sun.boot.class.path" value="C:\Program Files (x86)\Java\jdk1.8.0_171\jre\lib\resources.jar;C:\Program Files (x86)\Java\jdk1.8.0_171\jre\lib\rt.jar;C:\Program Files (x86)\Java\jdk1.8.0_171\jre\lib\sunrsasign.jar;C:\Program Files (x86)\Java\jdk1.8.0_171\jre\lib\jsse.jar;C:\Program Files (x86)\Java\jdk1.8.0_171\jre\lib\jce.jar;C:\Program Files (x86)\Java\jdk1.8.0_171\jre\lib\charsets.jar;C:\Program Files (x86)\Java\jdk1.8.0_171\jre\lib\jfr.jar;C:\Program Files (x86)\Java\jdk1.8.0_171\jre\classes"/>
    <property name="EXECUTOR_NUMBER" value="0"/>
    <property name="sun.desktop" value="windows"/>
    <property name="PATHEXT" value=".COM;.EXE;.BAT;.CMD;.VBS;.VBE;.JS;.JSE;.WSF;.WSH;.MSC"/>
    <property name="java.vm.specification.vendor" value="Oracle Corporation"/>
    <property name="NODE_LABELS" value="master"/>
    <property name="TEMP" value="C:\Users\VBulbule\AppData\Local\Temp"/>
    <property name="java.runtime.version" value="1.8.0_171-b11"/>
    <property name="SecSpecialMode" value="710916"/>
    <property name="user.name" value="VBulbule"/>
    <property name="guice.disable.misplaced.annotation.check" value="true"/>
    <property name="CommonProgramW6432" value="C:\Program Files\Common Files"/>
    <property name="ProgramFiles" value="C:\Program Files (x86)"/>
    <property name="PROMPT" value="$P$G"/>
    <property name="user.language" value="en"/>
    <property name="JOB_BASE_NAME" value="AutomationFramework"/>
    <property name="RUN_CHANGES_DISPLAY_URL" value="http://localhost:8080/job/AutomationFramework/1/display/redirect?page=changes"/>
    <property name="BUILD_DISPLAY_NAME" value="#1"/>
    <property name="sun.boot.library.path" value="C:\Program Files (x86)\Java\jdk1.8.0_171\jre\bin"/>
    <property name="LOCALAPPDATA" value="C:\Users\VBulbule\AppData\Local"/>
    <property name="java.version" value="1.8.0_171"/>
    <property name="PROCESSOR_LEVEL" value="6"/>
    <property name="user.timezone" value="Asia/Calcutta"/>
    <property name="USERNAME" value="VBulbule"/>
    <property name="sun.arch.data.model" value="32"/>
    <property name="NODE_NAME" value="master"/>
    <property name="PROCESSOR_ARCHITEW6432" value="AMD64"/>
    <property name="java.endorsed.dirs" value="C:\Program Files (x86)\Java\jdk1.8.0_171\jre\lib\endorsed"/>
    <property name="BUILD_ID" value="1"/>
    <property name="CLIENTNAME" value="SSLCOMP102"/>
    <property name="sun.cpu.isalist" value="pentium_pro+mmx pentium_pro pentium+mmx pentium i486 i386 i86"/>
    <property name="sun.jnu.encoding" value="Cp1252"/>
    <property name="file.encoding.pkg" value="sun.io"/>
    <property name="file.separator" value="\"/>
    <property name="java.specification.name" value="Java Platform API Specification"/>
    <property name="HOMEDRIVE" value="C:"/>
    <property name="maven.conf" value="C:\Users\VBulbule\.jenkins\tools\hudson.tasks.Maven_MavenInstallation\TestMaven\conf"/>
    <property name="java.class.version" value="52.0"/>
    <property name="=::" value="::\"/>
    <property name="org.slf4j.simpleLogger.defaultLogLevel" value="info"/>
    <property name="user.country" value="US"/>
    <property name="ALLUSERSPROFILE" value="C:\ProgramData"/>
    <property name="java.home" value="C:\Program Files (x86)\Java\jdk1.8.0_171\jre"/>
    <property name="PLMVIS_82_LIBPATH" value="C:\Program Files (x86)\SAP\FrontEnd\SAPgui\Program"/>
    <property name="java.vm.info" value="mixed mode, sharing"/>
    <property name="os.version" value="6.1"/>
    <property name="=ExitCode" value="00000001"/>
    <property name="RUN_DISPLAY_URL" value="http://localhost:8080/job/AutomationFramework/1/display/redirect"/>
    <property name="TMP" value="C:\Users\VBulbule\AppData\Local\Temp"/>
    <property name="path.separator" value=";"/>
    <property name="java.vm.version" value="25.171-b11"/>
    <property name="user.variant" value=""/>
    <property name="JOB_DISPLAY_URL" value="http://localhost:8080/job/AutomationFramework/display/redirect"/>
    <property name="CommonProgramFiles(x86)" value="C:\Program Files (x86)\Common Files"/>
    <property name="java.awt.printerjob" value="sun.awt.windows.WPrinterJob"/>
    <property name="FP_NO_HOST_CHECK" value="NO"/>
    <property name="JAVA_HOME" value="C:\Program Files (x86)\Java\jdk1.8.0_171"/>
    <property name="sun.io.unicode.encoding" value="UnicodeLittle"/>
    <property name="CommonProgramFiles" value="C:\Program Files (x86)\Common Files"/>
    <property name="ComSpec" value="C:\Windows\system32\cmd.exe"/>
    <property name="awt.toolkit" value="sun.awt.windows.WToolkit"/>
    <property name="HOMEPATH" value="\Users\VBulbule"/>
    <property name="USERDNSDOMAIN" value="AX.LOCAL"/>
    <property name="user.script" value=""/>
    <property name="COMPUTERNAME" value="SCOMP16"/>
    <property name="user.home" value="C:\Users\VBulbule"/>
    <property name="PUBLIC" value="C:\Users\Public"/>
    <property name="BUILD_TAG" value="jenkins-AutomationFramework-1"/>
    <property name="JENKINS_SERVER_COOKIE" value="a2ae3bbe3b9c3c34"/>
    <property name="HUDSON_URL" value="http://localhost:8080/"/>
    <property name="ProgramData" value="C:\ProgramData"/>
    <property name="java.specification.vendor" value="Oracle Corporation"/>
    <property name="USERPROFILE" value="C:\Users\VBulbule"/>
    <property name="CLASSPATH" value=""/>
    <property name="java.vendor.url" value="http://java.oracle.com/"/>
    <property name="java.library.path" value="C:\Program Files (x86)\Java\jdk1.8.0_171\bin;C:\Windows\Sun\Java\bin;C:\Windows\system32;C:\Windows;C:\Users\VBulbule\.jenkins\tools\hudson.tasks.Maven_MavenInstallation\TestMaven/bin;C:\Program Files (x86)\Java\jdk1.8.0_171/bin;C:\Program Files (x86)\Java\jdk1.8.0_171/bin;C:\Program Files (x86)\Common Files\Oracle\Java\javapath;C:\app\Administrator\product\11.2.0\client_1\bin;C:\Windows\system32;C:\Windows;C:\Windows\System32\Wbem;C:\Windows\System32\WindowsPowerShell\v1.0\;c:\Program Files (x86)\Microsoft SQL Server\100\Tools\Binn\VSShell\Common7\IDE\;c:\Program Files (x86)\Microsoft SQL Server\100\Tools\Binn\;c:\Program Files\Microsoft SQL Server\100\Tools\Binn\;c:\Program Files (x86)\Microsoft SQL Server\100\DTS\Binn\;C:\Program Files\Git\cmd;C:\Program Files\Java\jdk-10.0.1\bin;C:\Program Files (x86)\Java\jdk1.8.0_171;;."/>
    <property name="java.vm.vendor" value="Oracle Corporation"/>
    <property name="APPDATA" value="C:\Users\VBulbule\AppData\Roaming"/>
    <property name="java.runtime.name" value="Java(TM) SE Runtime Environment"/>
    <property name="maven.home" value="C:\Users\VBulbule\.jenkins\tools\hudson.tasks.Maven_MavenInstallation\TestMaven"/>
    <property name="java.class.path" value="C:\Users\VBulbule\.jenkins\plugins\maven-plugin\WEB-INF\lib\maven35-agent-1.12.jar;C:\Users\VBulbule\.jenkins\tools\hudson.tasks.Maven_MavenInstallation\TestMaven\boot\plexus-classworlds-2.5.2.jar;C:\Users\VBulbule\.jenkins\tools\hudson.tasks.Maven_MavenInstallation\TestMaven/conf/logging"/>
    <property name="sun.java.command" value="jenkins.maven3.agent.Maven35Main C:\Users\VBulbule\.jenkins\tools\hudson.tasks.Maven_MavenInstallation\TestMaven C:\Users\VBulbule\.jenkins\war\WEB-INF\lib\remoting-3.28.jar C:\Users\VBulbule\.jenkins\plugins\maven-plugin\WEB-INF\lib\maven35-interceptor-1.12.jar C:\Users\VBulbule\.jenkins\plugins\maven-plugin\WEB-INF\lib\maven3-interceptor-commons-1.12.jar 55398"/>
    <property name="Path" value="C:\Program Files (x86)\Java\jdk1.8.0_171/bin;C:\Program Files (x86)\Common Files\Oracle\Java\javapath;C:\app\Administrator\product\11.2.0\client_1\bin;C:\Windows\system32;C:\Windows;C:\Windows\System32\Wbem;C:\Windows\System32\WindowsPowerShell\v1.0\;c:\Program Files (x86)\Microsoft SQL Server\100\Tools\Binn\VSShell\Common7\IDE\;c:\Program Files (x86)\Microsoft SQL Server\100\Tools\Binn\;c:\Program Files\Microsoft SQL Server\100\Tools\Binn\;c:\Program Files (x86)\Microsoft SQL Server\100\DTS\Binn\;C:\Program Files\Git\cmd;C:\Program Files\Java\jdk-10.0.1\bin;C:\Program Files (x86)\Java\jdk1.8.0_171;"/>
    <property name="java.vm.specification.name" value="Java Virtual Machine Specification"/>
    <property name="PROCESSOR_ARCHITECTURE" value="x86"/>
    <property name="PATH+JDK" value="C:\Program Files (x86)\Java\jdk1.8.0_171/bin"/>
    <property name="PROCESSOR_IDENTIFIER" value="Intel64 Family 6 Model 15 Stepping 13, GenuineIntel"/>
    <property name="SESSIONNAME" value="RDP-Tcp#0"/>
    <property name="TCVIS_ENABLE_AERO" value="True"/>
    <property name="java.vm.specification.version" value="1.8"/>
    <property name="sun.os.patch.level" value="Service Pack 1"/>
    <property name="sun.cpu.endian" value="little"/>
    <property name="M2_HOME" value="C:\Users\VBulbule\.jenkins\tools\hudson.tasks.Maven_MavenInstallation\TestMaven"/>
    <property name="=D:" value="D:\Selenium\Jenkins"/>
    <property name="java.io.tmpdir" value="C:\Users\VBulbule\AppData\Local\Temp\"/>
    <property name="OS" value="Windows_NT"/>
    <property name="HUDSON_HOME" value="C:\Users\VBulbule\.jenkins"/>
    <property name="PATH+MAVEN" value="C:\Users\VBulbule\.jenkins\tools\hudson.tasks.Maven_MavenInstallation\TestMaven/bin"/>
    <property name="ProgramFiles(x86)" value="C:\Program Files (x86)"/>
    <property name="BUILD_URL" value="http://localhost:8080/job/AutomationFramework/1/"/>
    <property name="java.vendor.url.bug" value="http://bugreport.sun.com/bugreport/"/>
    <property name="java.awt.graphicsenv" value="sun.awt.Win32GraphicsEnvironment"/>
    <property name="os.arch" value="x86"/>
    <property name="SystemRoot" value="C:\Windows"/>
    <property name="windows_tracing_flags" value="3"/>
    <property name="java.ext.dirs" value="C:\Program Files (x86)\Java\jdk1.8.0_171\jre\lib\ext;C:\Windows\Sun\Java\lib\ext"/>
    <property name="user.dir" value="D:\Selenium\Selenium\AutomationFrameWork"/>
    <property name="JOB_URL" value="http://localhost:8080/job/AutomationFramework/"/>
    <property name="LOGONSERVER" value="\\AXDC"/>
    <property name="USERDOMAIN" value="AX"/>
    <property name="line.separator" value="
"/>
    <property name="MAVEN_HOME" value="C:\Users\VBulbule\.jenkins\tools\hudson.tasks.Maven_MavenInstallation\TestMaven"/>
    <property name="java.vm.name" value="Java HotSpot(TM) Client VM"/>
    <property name="BUILD_NUMBER" value="1"/>
    <property name="JENKINS_URL" value="http://localhost:8080/"/>
    <property name="PROCESSOR_REVISION" value="0f0d"/>
    <property name="ProgramW6432" value="C:\Program Files"/>
    <property name="windir" value="C:\Windows"/>
    <property name="=C:" value="C:\Users\VBulbule"/>
    <property name="file.encoding" value="Cp1252"/>
    <property name="SystemDrive" value="C:"/>
    <property name="maven3.interceptor" value="C:\Users\VBulbule\.jenkins\plugins\maven-plugin\WEB-INF\lib\maven35-interceptor-1.12.jar"/>
    <property name="WORKSPACE" value="C:\Users\VBulbule\.jenkins\workspace\AutomationFramework"/>
    <property name="maven3.interceptor.common" value="C:\Users\VBulbule\.jenkins\plugins\maven-plugin\WEB-INF\lib\maven3-interceptor-commons-1.12.jar"/>
    <property name="java.specification.version" value="1.8"/>
    <property name="PSModulePath" value="C:\Windows\system32\WindowsPowerShell\v1.0\Modules\"/>
  </properties>
  <testcase classname="com.automation.qa.testcases.HomePageTest" name="createNewRegustrationTest" time="32.95">
    <failure message="Cannot locate element with text: 2015.0
For documentation on this error, please visit: https://www.seleniumhq.org/exceptions/no_such_element.html
Build info: version: &apos;3.141.59&apos;, revision: &apos;e82be7d358&apos;, time: &apos;2018-11-14T08:17:03&apos;
System info: host: &apos;SCOMP16&apos;, ip: &apos;192.168.2.16&apos;, os.name: &apos;Windows 7&apos;, os.arch: &apos;x86&apos;, os.version: &apos;6.1&apos;, java.version: &apos;1.8.0_171&apos;
Driver info: driver.version: unknown" type="org.openqa.selenium.NoSuchElementException">org.openqa.selenium.NoSuchElementException: Cannot locate element with text: 2015.0
For documentation on this error, please visit: https://www.seleniumhq.org/exceptions/no_such_element.html
Build info: version: &apos;3.141.59&apos;, revision: &apos;e82be7d358&apos;, time: &apos;2018-11-14T08:17:03&apos;
System info: host: &apos;SCOMP16&apos;, ip: &apos;192.168.2.16&apos;, os.name: &apos;Windows 7&apos;, os.arch: &apos;x86&apos;, os.version: &apos;6.1&apos;, java.version: &apos;1.8.0_171&apos;
Driver info: driver.version: unknown
	at org.openqa.selenium.support.ui.Select.selectByVisibleText(Select.java:147)
	at com.automation.qa.pages.HomePage.createNewRegustration(HomePage.java:74)
	at com.automation.qa.testcases.HomePageTest.createNewRegustrationTest(HomePageTest.java:42)
</failure>
    <system-out>Configuring TestNG with: org.apache.maven.surefire.testng.conf.TestNG652Configurator@6d8acf
Before navigating to: &apos;http://demo.automationtesting.in/Index.html&apos;
Navigated to:&apos;http://demo.automationtesting.in/Index.html&apos;
Trying to find Element By : By.xpath: //input[contains(@id,&apos;email&apos;)]
Found Element By : By.xpath: //input[contains(@id,&apos;email&apos;)]
Trying to find Element By : By.xpath: //img[contains(@id,&apos;enterimg&apos;)]
Found Element By : By.xpath: //img[contains(@id,&apos;enterimg&apos;)]
Trying to click on: [[ChromeDriver: chrome on XP (95ecd1d99d0ea40027ed18eaaf03f87b)] -&gt; xpath: //img[contains(@id,&apos;enterimg&apos;)]]
Clicked on: [[ChromeDriver: chrome on XP (95ecd1d99d0ea40027ed18eaaf03f87b)] -&gt; xpath: //img[contains(@id,&apos;enterimg&apos;)]]
Trying to find Element By : By.xpath: //input[contains(@ng-model,&apos;FirstName&apos;)]
Found Element By : By.xpath: //input[contains(@ng-model,&apos;FirstName&apos;)]
Trying to find Element By : By.xpath: //input[contains(@ng-model,&apos;LastName&apos;)]
Found Element By : By.xpath: //input[contains(@ng-model,&apos;LastName&apos;)]
Trying to find Element By : By.xpath: //input[contains(@type,&apos;email&apos;)]
Found Element By : By.xpath: //input[contains(@type,&apos;email&apos;)]
Trying to find Element By : By.xpath: //input[contains(@ng-model,&apos;Phone&apos;)]
Found Element By : By.xpath: //input[contains(@ng-model,&apos;Phone&apos;)]
Trying to find Element By : By.xpath: //input[starts-with(@value,&apos;Male&apos;)]
Found Element By : By.xpath: //input[starts-with(@value,&apos;Male&apos;)]
Trying to click on: [[ChromeDriver: chrome on XP (95ecd1d99d0ea40027ed18eaaf03f87b)] -&gt; xpath: //input[starts-with(@value,&apos;Male&apos;)]]
Clicked on: [[ChromeDriver: chrome on XP (95ecd1d99d0ea40027ed18eaaf03f87b)] -&gt; xpath: //input[starts-with(@value,&apos;Male&apos;)]]
Trying to find Element By : By.xpath: .//*[@id=&apos;countries&apos;]
Found Element By : By.xpath: .//*[@id=&apos;countries&apos;]
Trying to find Element By : By.xpath: .//*[@id=&apos;countries&apos;]
Found Element By : By.xpath: .//*[@id=&apos;countries&apos;]
Trying to find Element By : By.xpath: .//*[@id=&apos;countries&apos;]
Found Element By : By.xpath: .//*[@id=&apos;countries&apos;]
Trying to find Element By : By.xpath: .//option[normalize-space(.) = &quot;India&quot;]
Found Element By : By.xpath: .//option[normalize-space(.) = &quot;India&quot;]
Trying to click on: [[[[ChromeDriver: chrome on XP (95ecd1d99d0ea40027ed18eaaf03f87b)] -&gt; xpath: .//*[@id=&apos;countries&apos;]]] -&gt; xpath: .//option[normalize-space(.) = &quot;India&quot;]]
Clicked on: [[[[ChromeDriver: chrome on XP (95ecd1d99d0ea40027ed18eaaf03f87b)] -&gt; xpath: .//*[@id=&apos;countries&apos;]]] -&gt; xpath: .//option[normalize-space(.) = &quot;India&quot;]]
Trying to find Element By : By.xpath: .//*[@id=&apos;yearbox&apos;]
Found Element By : By.xpath: .//*[@id=&apos;yearbox&apos;]
Trying to find Element By : By.xpath: .//*[@id=&apos;yearbox&apos;]
Found Element By : By.xpath: .//*[@id=&apos;yearbox&apos;]
Trying to find Element By : By.xpath: .//*[@id=&apos;yearbox&apos;]
Found Element By : By.xpath: .//*[@id=&apos;yearbox&apos;]
Trying to find Element By : By.xpath: .//option[normalize-space(.) = &quot;2015.0&quot;]
Found Element By : By.xpath: .//option[normalize-space(.) = &quot;2015.0&quot;]
</system-out>
    <system-err>Starting ChromeDriver 2.38.552522 (437e6fbedfa8762dec75e2c5b3ddb86763dc9dcb) on port 46381
Only local connections are allowed.
Feb 22, 2019 6:14:43 PM org.openqa.selenium.remote.ProtocolHandshake createSession
INFO: Detected dialect: OSS
</system-err>
  </testcase>
  <testcase classname="com.automation.qa.testcases.HomePageTest" name="createNewRegustrationTest" time="33.411">
    <failure message="Cannot locate element with text: 2015.0
For documentation on this error, please visit: https://www.seleniumhq.org/exceptions/no_such_element.html
Build info: version: &apos;3.141.59&apos;, revision: &apos;e82be7d358&apos;, time: &apos;2018-11-14T08:17:03&apos;
System info: host: &apos;SCOMP16&apos;, ip: &apos;192.168.2.16&apos;, os.name: &apos;Windows 7&apos;, os.arch: &apos;x86&apos;, os.version: &apos;6.1&apos;, java.version: &apos;1.8.0_171&apos;
Driver info: driver.version: unknown" type="org.openqa.selenium.NoSuchElementException">org.openqa.selenium.NoSuchElementException: Cannot locate element with text: 2015.0
For documentation on this error, please visit: https://www.seleniumhq.org/exceptions/no_such_element.html
Build info: version: &apos;3.141.59&apos;, revision: &apos;e82be7d358&apos;, time: &apos;2018-11-14T08:17:03&apos;
System info: host: &apos;SCOMP16&apos;, ip: &apos;192.168.2.16&apos;, os.name: &apos;Windows 7&apos;, os.arch: &apos;x86&apos;, os.version: &apos;6.1&apos;, java.version: &apos;1.8.0_171&apos;
Driver info: driver.version: unknown
	at org.openqa.selenium.support.ui.Select.selectByVisibleText(Select.java:147)
	at com.automation.qa.pages.HomePage.createNewRegustration(HomePage.java:74)
	at com.automation.qa.testcases.HomePageTest.createNewRegustrationTest(HomePageTest.java:42)
</failure>
    <system-out>Before navigating to: &apos;http://demo.automationtesting.in/Index.html&apos;
Navigated to:&apos;http://demo.automationtesting.in/Index.html&apos;
Trying to find Element By : By.xpath: //input[contains(@id,&apos;email&apos;)]
Found Element By : By.xpath: //input[contains(@id,&apos;email&apos;)]
Trying to find Element By : By.xpath: //img[contains(@id,&apos;enterimg&apos;)]
Found Element By : By.xpath: //img[contains(@id,&apos;enterimg&apos;)]
Trying to click on: [[ChromeDriver: chrome on XP (706b91e1888eaa725ee2495f5bf4b4a3)] -&gt; xpath: //img[contains(@id,&apos;enterimg&apos;)]]
Clicked on: [[ChromeDriver: chrome on XP (706b91e1888eaa725ee2495f5bf4b4a3)] -&gt; xpath: //img[contains(@id,&apos;enterimg&apos;)]]
Trying to find Element By : By.xpath: //input[contains(@ng-model,&apos;FirstName&apos;)]
Found Element By : By.xpath: //input[contains(@ng-model,&apos;FirstName&apos;)]
Trying to find Element By : By.xpath: //input[contains(@ng-model,&apos;LastName&apos;)]
Found Element By : By.xpath: //input[contains(@ng-model,&apos;LastName&apos;)]
Trying to find Element By : By.xpath: //input[contains(@type,&apos;email&apos;)]
Found Element By : By.xpath: //input[contains(@type,&apos;email&apos;)]
Trying to find Element By : By.xpath: //input[contains(@ng-model,&apos;Phone&apos;)]
Found Element By : By.xpath: //input[contains(@ng-model,&apos;Phone&apos;)]
Trying to find Element By : By.xpath: //input[starts-with(@value,&apos;Male&apos;)]
Found Element By : By.xpath: //input[starts-with(@value,&apos;Male&apos;)]
Trying to click on: [[ChromeDriver: chrome on XP (706b91e1888eaa725ee2495f5bf4b4a3)] -&gt; xpath: //input[starts-with(@value,&apos;Male&apos;)]]
Clicked on: [[ChromeDriver: chrome on XP (706b91e1888eaa725ee2495f5bf4b4a3)] -&gt; xpath: //input[starts-with(@value,&apos;Male&apos;)]]
Trying to find Element By : By.xpath: .//*[@id=&apos;countries&apos;]
Found Element By : By.xpath: .//*[@id=&apos;countries&apos;]
Trying to find Element By : By.xpath: .//*[@id=&apos;countries&apos;]
Found Element By : By.xpath: .//*[@id=&apos;countries&apos;]
Trying to find Element By : By.xpath: .//*[@id=&apos;countries&apos;]
Found Element By : By.xpath: .//*[@id=&apos;countries&apos;]
Trying to find Element By : By.xpath: .//option[normalize-space(.) = &quot;India&quot;]
Found Element By : By.xpath: .//option[normalize-space(.) = &quot;India&quot;]
Trying to click on: [[[[ChromeDriver: chrome on XP (706b91e1888eaa725ee2495f5bf4b4a3)] -&gt; xpath: .//*[@id=&apos;countries&apos;]]] -&gt; xpath: .//option[normalize-space(.) = &quot;India&quot;]]
Clicked on: [[[[ChromeDriver: chrome on XP (706b91e1888eaa725ee2495f5bf4b4a3)] -&gt; xpath: .//*[@id=&apos;countries&apos;]]] -&gt; xpath: .//option[normalize-space(.) = &quot;India&quot;]]
Trying to find Element By : By.xpath: .//*[@id=&apos;yearbox&apos;]
Found Element By : By.xpath: .//*[@id=&apos;yearbox&apos;]
Trying to find Element By : By.xpath: .//*[@id=&apos;yearbox&apos;]
Found Element By : By.xpath: .//*[@id=&apos;yearbox&apos;]
Trying to find Element By : By.xpath: .//*[@id=&apos;yearbox&apos;]
Found Element By : By.xpath: .//*[@id=&apos;yearbox&apos;]
Trying to find Element By : By.xpath: .//option[normalize-space(.) = &quot;2015.0&quot;]
Found Element By : By.xpath: .//option[normalize-space(.) = &quot;2015.0&quot;]
</system-out>
    <system-err>Starting ChromeDriver 2.38.552522 (437e6fbedfa8762dec75e2c5b3ddb86763dc9dcb) on port 44547
Only local connections are allowed.
Feb 22, 2019 6:15:40 PM org.openqa.selenium.remote.ProtocolHandshake createSession
INFO: Detected dialect: OSS
</system-err>
  </testcase>
  <testcase classname="com.automation.qa.testcases.LoginPageTest" name="validateLoginPageTitleTest" time="0.015"/>
  <testcase classname="com.automation.qa.testcases.LoginPageTest" name="validateLaginPageLogoTest" time="0.063"/>
  <testcase classname="com.automation.qa.testcases.LoginPageTest" name="loginTest" time="14.318"/>
</testsuite>